vanite-permissions/build/outputs/mapping/release/seeds.txt
io.vortex.android.permissions.R$animator
io.vortex.android.permissions.R$layout
io.vortex.android.permissions.R$id
io.vortex.android.permissions.R$drawable
io.vortex.android.permissions.R$integer
io.vortex.android.permissions.R$anim
io.vortex.android.permissions.R$interpolator
io.vortex.android.permissions.R$color
io.vortex.android.permissions.R$style
io.vortex.android.permissions.R$dimen
io.vortex.android.permissions.R$attr
io.vortex.android.permissions.R$string
io.vortex.android.permissions.R$bool
io.vortex.android.permissions.R
io.vortex.android.permissions.R$styleable
io.vortex.android.permissions.R$styleable: int View_paddingEnd
io.vortex.android.permissions.R$styleable: int AppCompatTextView_autoSizeStepGranularity
io.vortex.android.permissions.R$styleable: int ActionBar_titleTextStyle
io.vortex.android.permissions.R$styleable: int Toolbar_contentInsetStart
io.vortex.android.permissions.R$style: int Base_Widget_AppCompat_PopupMenu_Overflow
io.vortex.android.permissions.R$attr: int textLocale
io.vortex.android.permissions.R$style: int RtlOverlay_Widget_AppCompat_ActionBar_TitleItem
io.vortex.android.permissions.R$dimen: int abc_progress_bar_height_material
io.vortex.android.permissions.R$attr: int submitBackground
io.vortex.android.permissions.R$style: int Base_Widget_AppCompat_DrawerArrowToggle
io.vortex.android.permissions.R$attr: int listLayout
io.vortex.android.permissions.R$styleable: int ViewBackgroundHelper_backgroundTintMode
io.vortex.android.permissions.R$string: int close_sheet
io.vortex.android.permissions.R$id: int off
io.vortex.android.permissions.R$attr: int searchIcon
io.vortex.android.permissions.R$styleable: int AppCompatTheme_actionBarSize
io.vortex.android.permissions.R$drawable: int abc_text_cursor_material
io.vortex.android.permissions.R$color: int material_deep_teal_500
io.vortex.android.permissions.R$layout: int abc_action_mode_bar
io.vortex.android.permissions.R$styleable: int AnimatedStateListDrawableCompat_android_constantSize
io.vortex.android.permissions.R$styleable: int LinearLayoutCompat_Layout_android_layout_weight
io.vortex.android.permissions.R$style: int Widget_AppCompat_Light_ActionMode_Inverse
io.vortex.android.permissions.R$style: int Widget_AppCompat_Light_ActionBar_TabText
io.vortex.android.permissions.R$dimen: int notification_small_icon_background_padding
io.vortex.android.permissions.R$color: int bright_foreground_disabled_material_dark
io.vortex.android.permissions.R$style: int Base_Widget_AppCompat_EditText
io.vortex.android.permissions.R$styleable: int AppCompatTextView_autoSizeMaxTextSize
io.vortex.android.permissions.R$styleable: int LinearLayoutCompat_Layout_android_layout_height
io.vortex.android.permissions.R$attr: int windowActionBarOverlay
io.vortex.android.permissions.R$style: int RtlOverlay_Widget_AppCompat_PopupMenuItem_InternalGroup
io.vortex.android.permissions.R$styleable: int AnimatedStateListDrawableTransition_android_fromId
io.vortex.android.permissions.R$attr: int suggestionRowLayout
io.vortex.android.permissions.R$styleable: int AppCompatTheme_alertDialogTheme
io.vortex.android.permissions.R$style: int Base_Widget_AppCompat_ActionButton_Overflow
io.vortex.android.permissions.R$style: int Base_Widget_AppCompat_CompoundButton_Switch
io.vortex.android.permissions.R$style: int Base_Widget_AppCompat_CompoundButton_CheckBox
io.vortex.android.permissions.R$id: int chronometer
io.vortex.android.permissions.R$string: int indeterminate
io.vortex.android.permissions.R$styleable: int AppCompatTheme_actionBarWidgetTheme
io.vortex.android.permissions.R$style: int Base_TextAppearance_AppCompat_Large_Inverse
io.vortex.android.permissions.R$style: int Widget_AppCompat_TextView_SpinnerItem
io.vortex.android.permissions.R$drawable: int abc_scrubber_control_off_mtrl_alpha
io.vortex.android.permissions.R$dimen: int tooltip_margin
io.vortex.android.permissions.R$integer: int cancel_button_image_alpha
io.vortex.android.permissions.R$attr: int fontVariationSettings