vanite-permissions/build/outputs/mapping/release/usage.txt
io.vortex.android.permissions.BuildConfig
io.vortex.android.permissions.Permissions
io.vortex.android.permissions.VortexPermissionCallback
io.vortex.android.permissions.VortexPermissions$isPermissionGenerated$2
io.vortex.android.permissions.VortexPermissions$isPermissionsGenerated$1
io.vortex.android.permissions.VortexPermissions$isPermissionsGenerated$2
io.vortex.android.permissions.VortexPermissions$onRequestPermissionsResult$2$deniedPermissions$2
io.vortex.android.permissions.VortexPermissions$onRequestPermissionsResult$2$generatedPermissions$2
io.vortex.android.permissions.VortexPermissions$onRequestPermissionsResult$2
io.vortex.android.permissions.VortexPermissions$registerPermissionCallback$2
io.vortex.android.permissions.VortexPermissions$requestContextMultiPermissions$2
io.vortex.android.permissions.VortexPermissions$requestContextPermission$2
io.vortex.android.permissions.VortexPermissions$requestPermission$2
io.vortex.android.permissions.VortexPermissions$requestPermissions$2
io.vortex.android.permissions.VortexPermissions$unRegisterPermissionCallback$2
io.vortex.android.permissions.VortexPermissions
io.vortex.android.permissions.VortexPermissionsConfiguration